<?xml version="1.0" encoding="UTF-8"?>
<testng-results ignored="0" total="1" passed="0" failed="0" skipped="1">
  <reporter-output>
  </reporter-output>
  <suite started-at="2023-09-29T09:16:39 UTC" name="Surefire suite" finished-at="2023-09-29T09:16:42 UTC" duration-ms="3509">
    <groups>
    </groups>
    <test started-at="2023-09-29T09:16:39 UTC" name="Surefire test" finished-at="2023-09-29T09:16:42 UTC" duration-ms="3509">
      <class name="runner.Testcase1">
        <test-method is-config="true" signature="beforeMethod()[pri:0, instance:runner.Testcase1@524f3b3a]" started-at="2023-09-29T09:16:39 UTC" name="beforeMethod" finished-at="2023-09-29T09:16:42 UTC" duration-ms="3466" status="FAIL">
          <exception class="java.lang.ExceptionInInitializerError">
            <full-stacktrace>
              <![CDATA[java.lang.ExceptionInInitializerError
at org.apache.log4j.Logger.getLogger(Logger.java:104)
at freemarker.log._Log4jLoggerFactory.getLogger(_Log4jLoggerFactory.java:31)
at freemarker.log.Logger.getLogger(Logger.java:362)
at freemarker.template.Configuration.<clinit>(Configuration.java:151)
at com.aventstack.extentreports.reporter.AbstractFileReporter.loadTemplateModel(AbstractFileReporter.java:54)
at com.aventstack.extentreports.reporter.ExtentSparkReporter.start(ExtentSparkReporter.java:136)
at com.aventstack.extentreports.reporter.ExtentSparkReporter.access$000(ExtentSparkReporter.java:27)
at com.aventstack.extentreports.reporter.ExtentSparkReporter$1.onSubscribe(ExtentSparkReporter.java:116)
at io.reactivex.rxjava3.subjects.PublishSubject.subscribeActual(PublishSubject.java:133)
at io.reactivex.rxjava3.core.Observable.subscribe(Observable.java:13099)
at com.aventstack.extentreports.ReactiveSubject.attachReporter(ReactiveSubject.java:38)
at com.aventstack.extentreports.ExtentReports.attachReporter(ExtentReports.java:66)
at utils.Reporter.createExtentReport(Reporter.java:72)
at utils.Reporter.generateExtentReport(Reporter.java:32)
at utils.Reporter.generateExtentReport(Reporter.java:27)
at runner.Testcase1.beforeMethod(Testcase1.java:38)
at java.base/jdk.internal.reflect.NativeMethodAccessorImpl.invoke0(Native Method)
at java.base/jdk.internal.reflect.NativeMethodAccessorImpl.invoke(NativeMethodAccessorImpl.java:62)
at java.base/jdk.internal.reflect.DelegatingMethodAccessorImpl.invoke(DelegatingMethodAccessorImpl.java:43)
at java.base/java.lang.reflect.Method.invoke(Method.java:566)
at org.testng.internal.invokers.MethodInvocationHelper.invokeMethod(MethodInvocationHelper.java:139)
at org.testng.internal.invokers.MethodInvocationHelper.invokeMethodConsideringTimeout(MethodInvocationHelper.java:69)
at org.testng.internal.invokers.ConfigInvoker.invokeConfigurationMethod(ConfigInvoker.java:390)
at org.testng.internal.invokers.ConfigInvoker.invokeConfigurations(ConfigInvoker.java:325)
at org.testng.internal.invokers.TestInvoker.runConfigMethods(TestInvoker.java:810)
at org.testng.internal.invokers.TestInvoker.invokeMethod(TestInvoker.java:577)
at org.testng.internal.invokers.TestInvoker.invokeTestMethod(TestInvoker.java:227)
at org.testng.internal.invokers.MethodRunner.runInSequence(MethodRunner.java:50)
at org.testng.internal.invokers.TestInvoker$MethodInvocationAgent.invoke(TestInvoker.java:957)
at org.testng.internal.invokers.TestInvoker.invokeTestMethods(TestInvoker.java:200)
at org.testng.internal.invokers.TestMethodWorker.invokeTestMethods(TestMethodWorker.java:148)
at org.testng.internal.invokers.TestMethodWorker.run(TestMethodWorker.java:128)
at java.base/java.util.ArrayList.forEach(ArrayList.java:1541)
at org.testng.TestRunner.privateRun(TestRunner.java:848)
at org.testng.TestRunner.run(TestRunner.java:621)
at org.testng.SuiteRunner.runTest(SuiteRunner.java:443)
at org.testng.SuiteRunner.runSequentially(SuiteRunner.java:437)
at org.testng.SuiteRunner.privateRun(SuiteRunner.java:397)
at org.testng.SuiteRunner.run(SuiteRunner.java:336)
at org.testng.SuiteRunnerWorker.runSuite(SuiteRunnerWorker.java:52)
at org.testng.SuiteRunnerWorker.run(SuiteRunnerWorker.java:95)
at org.testng.TestNG.runSuitesSequentially(TestNG.java:1280)
at org.testng.TestNG.runSuitesLocally(TestNG.java:1200)
at org.testng.TestNG.runSuites(TestNG.java:1114)
at org.testng.TestNG.run(TestNG.java:1082)
at org.apache.maven.surefire.testng.TestNGExecutor.run(TestNGExecutor.java:135)
at org.apache.maven.surefire.testng.TestNGDirectoryTestSuite.executeSingleClass(TestNGDirectoryTestSuite.java:112)
at org.apache.maven.surefire.testng.TestNGDirectoryTestSuite.execute(TestNGDirectoryTestSuite.java:99)
at org.apache.maven.surefire.testng.TestNGProvider.invoke(TestNGProvider.java:146)
at org.apache.maven.surefire.booter.ForkedBooter.invokeProviderInSameClassLoader(ForkedBooter.java:384)
at org.apache.maven.surefire.booter.ForkedBooter.runSuitesInProcess(ForkedBooter.java:345)
at org.apache.maven.surefire.booter.ForkedBooter.execute(ForkedBooter.java:126)
at org.apache.maven.surefire.booter.ForkedBooter.main(ForkedBooter.java:418)
Caused by: java.lang.IllegalArgumentException: Illegal pattern character 'U'
at java.base/java.text.SimpleDateFormat.compile(SimpleDateFormat.java:845)
at java.base/java.text.SimpleDateFormat.initialize(SimpleDateFormat.java:653)
at java.base/java.text.SimpleDateFormat.<init>(SimpleDateFormat.java:624)
at java.base/java.text.SimpleDateFormat.<init>(SimpleDateFormat.java:599)
at org.apache.log4j.DailyRollingFileAppender.activateOptions(DailyRollingFileAppender.java:226)
at org.apache.log4j.config.PropertySetter.activate(PropertySetter.java:307)
at org.apache.log4j.config.PropertySetter.setProperties(PropertySetter.java:172)
at org.apache.log4j.config.PropertySetter.setProperties(PropertySetter.java:104)
at org.apache.log4j.PropertyConfigurator.parseAppender(PropertyConfigurator.java:842)
at org.apache.log4j.PropertyConfigurator.parseCategory(PropertyConfigurator.java:768)
at org.apache.log4j.PropertyConfigurator.configureRootCategory(PropertyConfigurator.java:648)
at org.apache.log4j.PropertyConfigurator.doConfigure(PropertyConfigurator.java:514)
at org.apache.log4j.PropertyConfigurator.doConfigure(PropertyConfigurator.java:580)
at org.apache.log4j.helpers.OptionConverter.selectAndConfigure(OptionConverter.java:526)
at org.apache.log4j.LogManager.<clinit>(LogManager.java:127)
... 53 more
]]>
            </full-stacktrace>
          </exception> <!-- java.lang.ExceptionInInitializerError -->
          <reporter-output>
          </reporter-output>
        </test-method> <!-- beforeMethod -->
        <test-method signature="TC_001()[pri:1, instance:runner.Testcase1@524f3b3a]" started-at="2023-09-29T09:16:42 UTC" name="TC_001" finished-at="2023-09-29T09:16:42 UTC" duration-ms="1" status="SKIP">
          <exception class="java.lang.ExceptionInInitializerError">
            <full-stacktrace>
              <![CDATA[java.lang.ExceptionInInitializerError
at org.apache.log4j.Logger.getLogger(Logger.java:104)
at freemarker.log._Log4jLoggerFactory.getLogger(_Log4jLoggerFactory.java:31)
at freemarker.log.Logger.getLogger(Logger.java:362)
at freemarker.template.Configuration.<clinit>(Configuration.java:151)
at com.aventstack.extentreports.reporter.AbstractFileReporter.loadTemplateModel(AbstractFileReporter.java:54)
at com.aventstack.extentreports.reporter.ExtentSparkReporter.start(ExtentSparkReporter.java:136)
at com.aventstack.extentreports.reporter.ExtentSparkReporter.access$000(ExtentSparkReporter.java:27)
at com.aventstack.extentreports.reporter.ExtentSparkReporter$1.onSubscribe(ExtentSparkReporter.java:116)
at io.reactivex.rxjava3.subjects.PublishSubject.subscribeActual(PublishSubject.java:133)
at io.reactivex.rxjava3.core.Observable.subscribe(Observable.java:13099)
at com.aventstack.extentreports.ReactiveSubject.attachReporter(ReactiveSubject.java:38)
at com.aventstack.extentreports.ExtentReports.attachReporter(ExtentReports.java:66)
at utils.Reporter.createExtentReport(Reporter.java:72)
at utils.Reporter.generateExtentReport(Reporter.java:32)
at utils.Reporter.generateExtentReport(Reporter.java:27)
at runner.Testcase1.beforeMethod(Testcase1.java:38)
at java.base/jdk.internal.reflect.NativeMethodAccessorImpl.invoke0(Native Method)
at java.base/jdk.internal.reflect.NativeMethodAccessorImpl.invoke(NativeMethodAccessorImpl.java:62)
at java.base/jdk.internal.reflect.DelegatingMethodAccessorImpl.invoke(DelegatingMethodAccessorImpl.java:43)
at java.base/java.lang.reflect.Method.invoke(Method.java:566)
at org.testng.internal.invokers.MethodInvocationHelper.invokeMethod(MethodInvocationHelper.java:139)
at org.testng.internal.invokers.MethodInvocationHelper.invokeMethodConsideringTimeout(MethodInvocationHelper.java:69)
at org.testng.internal.invokers.ConfigInvoker.invokeConfigurationMethod(ConfigInvoker.java:390)
at org.testng.internal.invokers.ConfigInvoker.invokeConfigurations(ConfigInvoker.java:325)
at org.testng.internal.invokers.TestInvoker.runConfigMethods(TestInvoker.java:810)
at org.testng.internal.invokers.TestInvoker.invokeMethod(TestInvoker.java:577)
at org.testng.internal.invokers.TestInvoker.invokeTestMethod(TestInvoker.java:227)
at org.testng.internal.invokers.MethodRunner.runInSequence(MethodRunner.java:50)
at org.testng.internal.invokers.TestInvoker$MethodInvocationAgent.invoke(TestInvoker.java:957)
at org.testng.internal.invokers.TestInvoker.invokeTestMethods(TestInvoker.java:200)
at org.testng.internal.invokers.TestMethodWorker.invokeTestMethods(TestMethodWorker.java:148)
at org.testng.internal.invokers.TestMethodWorker.run(TestMethodWorker.java:128)
at java.base/java.util.ArrayList.forEach(ArrayList.java:1541)
at org.testng.TestRunner.privateRun(TestRunner.java:848)
at org.testng.TestRunner.run(TestRunner.java:621)
at org.testng.SuiteRunner.runTest(SuiteRunner.java:443)
at org.testng.SuiteRunner.runSequentially(SuiteRunner.java:437)
at org.testng.SuiteRunner.privateRun(SuiteRunner.java:397)
at org.testng.SuiteRunner.run(SuiteRunner.java:336)
at org.testng.SuiteRunnerWorker.runSuite(SuiteRunnerWorker.java:52)
at org.testng.SuiteRunnerWorker.run(SuiteRunnerWorker.java:95)
at org.testng.TestNG.runSuitesSequentially(TestNG.java:1280)
at org.testng.TestNG.runSuitesLocally(TestNG.java:1200)
at org.testng.TestNG.runSuites(TestNG.java:1114)
at org.testng.TestNG.run(TestNG.java:1082)
at org.apache.maven.surefire.testng.TestNGExecutor.run(TestNGExecutor.java:135)
at org.apache.maven.surefire.testng.TestNGDirectoryTestSuite.executeSingleClass(TestNGDirectoryTestSuite.java:112)
at org.apache.maven.surefire.testng.TestNGDirectoryTestSuite.execute(TestNGDirectoryTestSuite.java:99)
at org.apache.maven.surefire.testng.TestNGProvider.invoke(TestNGProvider.java:146)
at org.apache.maven.surefire.booter.ForkedBooter.invokeProviderInSameClassLoader(ForkedBooter.java:384)
at org.apache.maven.surefire.booter.ForkedBooter.runSuitesInProcess(ForkedBooter.java:345)
at org.apache.maven.surefire.booter.ForkedBooter.execute(ForkedBooter.java:126)
at org.apache.maven.surefire.booter.ForkedBooter.main(ForkedBooter.java:418)
Caused by: java.lang.IllegalArgumentException: Illegal pattern character 'U'
at java.base/java.text.SimpleDateFormat.compile(SimpleDateFormat.java:845)
at java.base/java.text.SimpleDateFormat.initialize(SimpleDateFormat.java:653)
at java.base/java.text.SimpleDateFormat.<init>(SimpleDateFormat.java:624)
at java.base/java.text.SimpleDateFormat.<init>(SimpleDateFormat.java:599)
at org.apache.log4j.DailyRollingFileAppender.activateOptions(DailyRollingFileAppender.java:226)
at org.apache.log4j.config.PropertySetter.activate(PropertySetter.java:307)
at org.apache.log4j.config.PropertySetter.setProperties(PropertySetter.java:172)
at org.apache.log4j.config.PropertySetter.setProperties(PropertySetter.java:104)
at org.apache.log4j.PropertyConfigurator.parseAppender(PropertyConfigurator.java:842)
at org.apache.log4j.PropertyConfigurator.parseCategory(PropertyConfigurator.java:768)
at org.apache.log4j.PropertyConfigurator.configureRootCategory(PropertyConfigurator.java:648)
at org.apache.log4j.PropertyConfigurator.doConfigure(PropertyConfigurator.java:514)
at org.apache.log4j.PropertyConfigurator.doConfigure(PropertyConfigurator.java:580)
at org.apache.log4j.helpers.OptionConverter.selectAndConfigure(OptionConverter.java:526)
at org.apache.log4j.LogManager.<clinit>(LogManager.java:127)
... 53 more
]]>
            </full-stacktrace>
          </exception> <!-- java.lang.ExceptionInInitializerError -->
          <reporter-output>
          </reporter-output>
        </test-method> <!-- TC_001 -->
        <test-method is-config="true" signature="afterMethod()[pri:0, instance:runner.Testcase1@524f3b3a]" started-at="2023-09-29T09:16:42 UTC" name="afterMethod" finished-at="2023-09-29T09:16:42 UTC" duration-ms="0" status="SKIP">
          <reporter-output>
          </reporter-output>
        </test-method> <!-- afterMethod -->
      </class> <!-- runner.Testcase1 -->
    </test> <!-- Surefire test -->
  </suite> <!-- Surefire suite -->
</testng-results>
